17:12:06,198 (main) INFO  [DataNucleus.Enhancer] - DataNucleus Enhancer (version 3.2.10) for API "JDO" using JRE "1.6"
17:12:06,323 (main) INFO  [DataNucleus.Enhancer] - Writing class file "/Users/sungsoo/github/apache-hive/metastore/target/classes/org/apache/hadoop/hive/metastore/model/MDatabase.class" with enhanced definition
17:12:06,323 (main) INFO  [DataNucleus.Enhancer] - ENHANCED (PersistenceCapable) : org.apache.hadoop.hive.metastore.model.MDatabase
17:12:06,326 (main) INFO  [DataNucleus.Enhancer] - Writing class file "/Users/sungsoo/github/apache-hive/metastore/target/classes/org/apache/hadoop/hive/metastore/model/MFieldSchema.class" with enhanced definition
17:12:06,326 (main) INFO  [DataNucleus.Enhancer] - ENHANCED (PersistenceCapable) : org.apache.hadoop.hive.metastore.model.MFieldSchema
17:12:06,330 (main) INFO  [DataNucleus.Enhancer] - Writing class file "/Users/sungsoo/github/apache-hive/metastore/target/classes/org/apache/hadoop/hive/metastore/model/MType.class" with enhanced definition
17:12:06,330 (main) INFO  [DataNucleus.Enhancer] - ENHANCED (PersistenceCapable) : org.apache.hadoop.hive.metastore.model.MType
17:12:06,336 (main) INFO  [DataNucleus.Enhancer] - Writing class file "/Users/sungsoo/github/apache-hive/metastore/target/classes/org/apache/hadoop/hive/metastore/model/MTable.class" with enhanced definition
17:12:06,336 (main) INFO  [DataNucleus.Enhancer] - ENHANCED (PersistenceCapable) : org.apache.hadoop.hive.metastore.model.MTable
17:12:06,340 (main) INFO  [DataNucleus.Enhancer] - Writing class file "/Users/sungsoo/github/apache-hive/metastore/target/classes/org/apache/hadoop/hive/metastore/model/MSerDeInfo.class" with enhanced definition
17:12:06,340 (main) INFO  [DataNucleus.Enhancer] - ENHANCED (PersistenceCapable) : org.apache.hadoop.hive.metastore.model.MSerDeInfo
17:12:06,344 (main) INFO  [DataNucleus.Enhancer] - Writing class file "/Users/sungsoo/github/apache-hive/metastore/target/classes/org/apache/hadoop/hive/metastore/model/MOrder.class" with enhanced definition
17:12:06,344 (main) INFO  [DataNucleus.Enhancer] - ENHANCED (PersistenceCapable) : org.apache.hadoop.hive.metastore.model.MOrder
17:12:06,347 (main) INFO  [DataNucleus.Enhancer] - Writing class file "/Users/sungsoo/github/apache-hive/metastore/target/classes/org/apache/hadoop/hive/metastore/model/MColumnDescriptor.class" with enhanced definition
17:12:06,347 (main) INFO  [DataNucleus.Enhancer] - ENHANCED (PersistenceCapable) : org.apache.hadoop.hive.metastore.model.MColumnDescriptor
17:12:06,350 (main) INFO  [DataNucleus.Enhancer] - Writing class file "/Users/sungsoo/github/apache-hive/metastore/target/classes/org/apache/hadoop/hive/metastore/model/MStringList.class" with enhanced definition
17:12:06,350 (main) INFO  [DataNucleus.Enhancer] - ENHANCED (PersistenceCapable) : org.apache.hadoop.hive.metastore.model.MStringList
17:12:06,358 (main) INFO  [DataNucleus.Enhancer] - Writing class file "/Users/sungsoo/github/apache-hive/metastore/target/classes/org/apache/hadoop/hive/metastore/model/MStorageDescriptor.class" with enhanced definition
17:12:06,358 (main) INFO  [DataNucleus.Enhancer] - ENHANCED (PersistenceCapable) : org.apache.hadoop.hive.metastore.model.MStorageDescriptor
17:12:06,364 (main) INFO  [DataNucleus.Enhancer] - Writing class file "/Users/sungsoo/github/apache-hive/metastore/target/classes/org/apache/hadoop/hive/metastore/model/MPartition.class" with enhanced definition
17:12:06,364 (main) INFO  [DataNucleus.Enhancer] - ENHANCED (PersistenceCapable) : org.apache.hadoop.hive.metastore.model.MPartition
17:12:06,370 (main) INFO  [DataNucleus.Enhancer] - Writing class file "/Users/sungsoo/github/apache-hive/metastore/target/classes/org/apache/hadoop/hive/metastore/model/MIndex.class" with enhanced definition
17:12:06,370 (main) INFO  [DataNucleus.Enhancer] - ENHANCED (PersistenceCapable) : org.apache.hadoop.hive.metastore.model.MIndex
17:12:06,375 (main) INFO  [DataNucleus.Enhancer] - Writing class file "/Users/sungsoo/github/apache-hive/metastore/target/classes/org/apache/hadoop/hive/metastore/model/MRole.class" with enhanced definition
17:12:06,375 (main) INFO  [DataNucleus.Enhancer] - ENHANCED (PersistenceCapable) : org.apache.hadoop.hive.metastore.model.MRole
17:12:06,381 (main) INFO  [DataNucleus.Enhancer] - Writing class file "/Users/sungsoo/github/apache-hive/metastore/target/classes/org/apache/hadoop/hive/metastore/model/MRoleMap.class" with enhanced definition
17:12:06,381 (main) INFO  [DataNucleus.Enhancer] - ENHANCED (PersistenceCapable) : org.apache.hadoop.hive.metastore.model.MRoleMap
17:12:06,389 (main) INFO  [DataNucleus.Enhancer] - Writing class file "/Users/sungsoo/github/apache-hive/metastore/target/classes/org/apache/hadoop/hive/metastore/model/MGlobalPrivilege.class" with enhanced definition
17:12:06,390 (main) INFO  [DataNucleus.Enhancer] - ENHANCED (PersistenceCapable) : org.apache.hadoop.hive.metastore.model.MGlobalPrivilege
17:12:06,399 (main) INFO  [DataNucleus.Enhancer] - Writing class file "/Users/sungsoo/github/apache-hive/metastore/target/classes/org/apache/hadoop/hive/metastore/model/MDBPrivilege.class" with enhanced definition
17:12:06,399 (main) INFO  [DataNucleus.Enhancer] - ENHANCED (PersistenceCapable) : org.apache.hadoop.hive.metastore.model.MDBPrivilege
17:12:06,407 (main) INFO  [DataNucleus.Enhancer] - Writing class file "/Users/sungsoo/github/apache-hive/metastore/target/classes/org/apache/hadoop/hive/metastore/model/MTablePrivilege.class" with enhanced definition
17:12:06,408 (main) INFO  [DataNucleus.Enhancer] - ENHANCED (PersistenceCapable) : org.apache.hadoop.hive.metastore.model.MTablePrivilege
17:12:06,417 (main) INFO  [DataNucleus.Enhancer] - Writing class file "/Users/sungsoo/github/apache-hive/metastore/target/classes/org/apache/hadoop/hive/metastore/model/MPartitionPrivilege.class" with enhanced definition
17:12:06,417 (main) INFO  [DataNucleus.Enhancer] - ENHANCED (PersistenceCapable) : org.apache.hadoop.hive.metastore.model.MPartitionPrivilege
17:12:06,426 (main) INFO  [DataNucleus.Enhancer] - Writing class file "/Users/sungsoo/github/apache-hive/metastore/target/classes/org/apache/hadoop/hive/metastore/model/MTableColumnPrivilege.class" with enhanced definition
17:12:06,427 (main) INFO  [DataNucleus.Enhancer] - ENHANCED (PersistenceCapable) : org.apache.hadoop.hive.metastore.model.MTableColumnPrivilege
17:12:06,436 (main) INFO  [DataNucleus.Enhancer] - Writing class file "/Users/sungsoo/github/apache-hive/metastore/target/classes/org/apache/hadoop/hive/metastore/model/MPartitionColumnPrivilege.class" with enhanced definition
17:12:06,436 (main) INFO  [DataNucleus.Enhancer] - ENHANCED (PersistenceCapable) : org.apache.hadoop.hive.metastore.model.MPartitionColumnPrivilege
17:12:06,443 (main) INFO  [DataNucleus.Enhancer] - Writing class file "/Users/sungsoo/github/apache-hive/metastore/target/classes/org/apache/hadoop/hive/metastore/model/MPartitionEvent.class" with enhanced definition
17:12:06,443 (main) INFO  [DataNucleus.Enhancer] - ENHANCED (PersistenceCapable) : org.apache.hadoop.hive.metastore.model.MPartitionEvent
17:12:06,449 (main) INFO  [DataNucleus.Enhancer] - Writing class file "/Users/sungsoo/github/apache-hive/metastore/target/classes/org/apache/hadoop/hive/metastore/model/MMasterKey.class" with enhanced definition
17:12:06,449 (main) INFO  [DataNucleus.Enhancer] - ENHANCED (PersistenceCapable) : org.apache.hadoop.hive.metastore.model.MMasterKey
17:12:06,455 (main) INFO  [DataNucleus.Enhancer] - Writing class file "/Users/sungsoo/github/apache-hive/metastore/target/classes/org/apache/hadoop/hive/metastore/model/MDelegationToken.class" with enhanced definition
17:12:06,455 (main) INFO  [DataNucleus.Enhancer] - ENHANCED (PersistenceCapable) : org.apache.hadoop.hive.metastore.model.MDelegationToken
17:12:06,469 (main) INFO  [DataNucleus.Enhancer] - Writing class file "/Users/sungsoo/github/apache-hive/metastore/target/classes/org/apache/hadoop/hive/metastore/model/MTableColumnStatistics.class" with enhanced definition
17:12:06,469 (main) INFO  [DataNucleus.Enhancer] - ENHANCED (PersistenceCapable) : org.apache.hadoop.hive.metastore.model.MTableColumnStatistics
17:12:06,479 (main) INFO  [DataNucleus.Enhancer] - Writing class file "/Users/sungsoo/github/apache-hive/metastore/target/classes/org/apache/hadoop/hive/metastore/model/MPartitionColumnStatistics.class" with enhanced definition
17:12:06,479 (main) INFO  [DataNucleus.Enhancer] - ENHANCED (PersistenceCapable) : org.apache.hadoop.hive.metastore.model.MPartitionColumnStatistics
17:12:06,484 (main) INFO  [DataNucleus.Enhancer] - Writing class file "/Users/sungsoo/github/apache-hive/metastore/target/classes/org/apache/hadoop/hive/metastore/model/MVersionTable.class" with enhanced definition
17:12:06,484 (main) INFO  [DataNucleus.Enhancer] - ENHANCED (PersistenceCapable) : org.apache.hadoop.hive.metastore.model.MVersionTable
17:12:06,488 (main) INFO  [DataNucleus.Enhancer] - Writing class file "/Users/sungsoo/github/apache-hive/metastore/target/classes/org/apache/hadoop/hive/metastore/model/MResourceUri.class" with enhanced definition
17:12:06,488 (main) INFO  [DataNucleus.Enhancer] - ENHANCED (PersistenceCapable) : org.apache.hadoop.hive.metastore.model.MResourceUri
17:12:06,495 (main) INFO  [DataNucleus.Enhancer] - Writing class file "/Users/sungsoo/github/apache-hive/metastore/target/classes/org/apache/hadoop/hive/metastore/model/MFunction.class" with enhanced definition
17:12:06,495 (main) INFO  [DataNucleus.Enhancer] - ENHANCED (PersistenceCapable) : org.apache.hadoop.hive.metastore.model.MFunction
17:12:06,496 (main) INFO  [DataNucleus.Enhancer] - DataNucleus Enhancer completed with success for 27 classes. Timings : input=93 ms, enhance=203 ms, total=296 ms. Consult the log for full details
